jekyll : D:/Program Files/Ruby34-x64/lib/ruby/3.4.0/win32/registry.rb:2: warning: fiddle/im
port is found in fiddle, which will no longer be part of the default gems starting from Rub
y 4.0.0.
所在位置 行:1 字符: 50
+ ... STech\GitRepo\gj-guojing.github.io; jekyll build --trace 2>&1 | Out-F ...
+                                         ~~~~~~~~~~~~~~~~~~~~~~~~~
    + CategoryInfo          : NotSpecified: (D:/Program File...rom Ruby 4.0.0.:String) [], 
    RemoteException
    + FullyQualifiedErrorId : NativeCommandError
 
You can add fiddle to your Gemfile or gemspec to silence this warning.
Configuration file: E:/gjjg/SUSTech/GitRepo/gj-guojing.github.io/_config.yml
            Source: E:/gjjg/SUSTech/GitRepo/gj-guojing.github.io
       Destination: E:/gjjg/SUSTech/GitRepo/gj-guojing.github.io/_site
 Incremental build: disabled. Enable with --incremental
      Generating... 
Terser: Minifying E:/gjjg/SUSTech/GitRepo/gj-guojing.github.io/assets/js/bibsearch.js
Terser: Minifying E:/gjjg/SUSTech/GitRepo/gj-guojing.github.io/assets/js/chartjs-setup.js
Terser: Minifying E:/gjjg/SUSTech/GitRepo/gj-guojing.github.io/assets/js/common.js
Terser: Minifying E:/gjjg/SUSTech/GitRepo/gj-guojing.github.io/assets/js/copy_code.js
Terser: Minifying E:/gjjg/SUSTech/GitRepo/gj-guojing.github.io/assets/js/diff2html-setup.js
Terser: Minifying E:/gjjg/SUSTech/GitRepo/gj-guojing.github.io/assets/js/distillpub/overrides.js
Terser: Minifying E:/gjjg/SUSTech/GitRepo/gj-guojing.github.io/assets/js/distillpub/template.v2.js
Terser: Minifying E:/gjjg/SUSTech/GitRepo/gj-guojing.github.io/assets/js/distillpub/transforms.v2.js
Terser: Minifying E:/gjjg/SUSTech/GitRepo/gj-guojing.github.io/assets/js/echarts-setup.js
Terser: Minifying E:/gjjg/SUSTech/GitRepo/gj-guojing.github.io/assets/js/highlight-search-term.js
Terser: Minifying E:/gjjg/SUSTech/GitRepo/gj-guojing.github.io/assets/js/jupyter_new_tab.js
Terser: Minifying E:/gjjg/SUSTech/GitRepo/gj-guojing.github.io/assets/js/leaflet-setup.js
Terser: Minifying E:/gjjg/SUSTech/GitRepo/gj-guojing.github.io/assets/js/masonry.js
Terser: Minifying E:/gjjg/SUSTech/GitRepo/gj-guojing.github.io/assets/js/mathjax-setup.js
Terser: Minifying E:/gjjg/SUSTech/GitRepo/gj-guojing.github.io/assets/js/mermaid-setup.js
Terser: Minifying E:/gjjg/SUSTech/GitRepo/gj-guojing.github.io/assets/js/newsletter.js
Terser: Minifying E:/gjjg/SUSTech/GitRepo/gj-guojing.github.io/assets/js/no_defer.js
Terser: Minifying E:/gjjg/SUSTech/GitRepo/gj-guojing.github.io/assets/js/plotly-setup.js
Terser: Minifying E:/gjjg/SUSTech/GitRepo/gj-guojing.github.io/assets/js/progress-bar.js
Terser: Minifying E:/gjjg/SUSTech/GitRepo/gj-guojing.github.io/assets/js/pseudocode-setup.js
Terser: Minifying E:/gjjg/SUSTech/GitRepo/gj-guojing.github.io/assets/js/search-setup.js
Terser: Minifying E:/gjjg/SUSTech/GitRepo/gj-guojing.github.io/assets/js/shortcut-key.js
Terser: Minifying E:/gjjg/SUSTech/GitRepo/gj-guojing.github.io/assets/js/theme.js
Terser: Minifying E:/gjjg/SUSTech/GitRepo/gj-guojing.github.io/assets/js/tooltips-setup.js
Terser: Minifying E:/gjjg/SUSTech/GitRepo/gj-guojing.github.io/assets/js/typograms.js
Terser: Minifying E:/gjjg/SUSTech/GitRepo/gj-guojing.github.io/assets/js/vega-setup.js
Terser: Minifying E:/gjjg/SUSTech/GitRepo/gj-guojing.github.io/assets/js/venobox-setup.js
Terser: Minifying E:/gjjg/SUSTech/GitRepo/gj-guojing.github.io/assets/js/wechat.js
Terser: Minifying E:/gjjg/SUSTech/GitRepo/gj-guojing.github.io/assets/js/zoom.js
       Jekyll Feed: Generating feed for posts
         AutoPages: Disabled/Not configured in site.config.
        Pagination: Complete, processed 1 pagination page(s)
       Imagemagick: Disabled in site.config
[31m  Liquid Exception: An existing connection was forcibly closed by the remote host. - S
SL_connect in E:/gjjg/SUSTech/GitRepo/gj-guojing.github.io/_posts/2020-09-28-twitter.md[0m
D:/Program Files/Ruby34-x64/lib/ruby/3.4.0/net/protocol.rb:46:in 'OpenSSL::SSL::SSLSocket#c
onnect_nonblock': An existing connection was forcibly closed by the remote host. - SSL_conn
ect (Errno::ECONNRESET)
	from D:/Program Files/Ruby34-x64/lib/ruby/3.4.0/net/protocol.rb:46:in 'Net::Protocol#ssl_s
ocket_connect'
	from D:/Program Files/Ruby34-x64/lib/ruby/3.4.0/net/http.rb:1736:in 'Net::HTTP#connect'
	from D:/Program Files/Ruby34-x64/lib/ruby/3.4.0/net/http.rb:1636:in 'Net::HTTP#do_start'
	from D:/Program Files/Ruby34-x64/lib/ruby/3.4.0/net/http.rb:1625:in 'Net::HTTP#start'
	from D:/Program Files/Ruby34-x64/lib/ruby/3.4.0/net/http.rb:1064:in 'Net::HTTP.start'
	from C:/Users/gjjg/.local/share/gem/ruby/3.4.0/gems/jekyll-twitter-plugin-2.1.0/lib/jekyll
-twitter-plugin.rb:73:in 'TwitterJekyll::ApiClient#fetch'
	from C:/Users/gjjg/.local/share/gem/ruby/3.4.0/gems/jekyll-twitter-plugin-2.1.0/lib/jekyll
-twitter-plugin.rb:209:in 'TwitterJekyll::TwitterTag#live_response'
	from C:/Users/gjjg/.local/share/gem/ruby/3.4.0/gems/jekyll-twitter-plugin-2.1.0/lib/jekyll
-twitter-plugin.rb:180:in 'TwitterJekyll::TwitterTag#render'
	from C:/Users/gjjg/.local/share/gem/ruby/3.4.0/gems/liquid-4.0.4/lib/liquid/block_body.rb:
103:in 'Liquid::BlockBody#render_node_to_output'
	from C:/Users/gjjg/.local/share/gem/ruby/3.4.0/gems/liquid-4.0.4/lib/liquid/block_body.rb:
91:in 'Liquid::BlockBody#render'
	from C:/Users/gjjg/.local/share/gem/ruby/3.4.0/gems/liquid-4.0.4/lib/liquid/template.rb:20
6:in 'block in Liquid::Template#render'
	from C:/Users/gjjg/.local/share/gem/ruby/3.4.0/gems/liquid-4.0.4/lib/liquid/template.rb:24
0:in 'Liquid::Template#with_profiling'
	from C:/Users/gjjg/.local/share/gem/ruby/3.4.0/gems/liquid-4.0.4/lib/liquid/template.rb:20
5:in 'Liquid::Template#render'
	from C:/Users/gjjg/.local/share/gem/ruby/3.4.0/gems/liquid-4.0.4/lib/liquid/template.rb:21
8:in 'Liquid::Template#render!'
	from C:/Users/gjjg/.local/share/gem/ruby/3.4.0/gems/jekyll-4.4.1/lib/jekyll/liquid_rendere
r/file.rb:39:in 'block (3 levels) in Jekyll::LiquidRenderer::File#render!'
	from C:/Users/gjjg/.local/share/gem/ruby/3.4.0/gems/jekyll-4.4.1/lib/jekyll/liquid_rendere
r/file.rb:59:in 'Jekyll::LiquidRenderer::File#measure_counts'
	from C:/Users/gjjg/.local/share/gem/ruby/3.4.0/gems/jekyll-4.4.1/lib/jekyll/liquid_rendere
r/file.rb:38:in 'block (2 levels) in Jekyll::LiquidRenderer::File#render!'
	from C:/Users/gjjg/.local/share/gem/ruby/3.4.0/gems/jekyll-4.4.1/lib/jekyll/liquid_rendere
r/file.rb:63:in 'Jekyll::LiquidRenderer::File#measure_bytes'
	from C:/Users/gjjg/.local/share/gem/ruby/3.4.0/gems/jekyll-4.4.1/lib/jekyll/liquid_rendere
r/file.rb:37:in 'block in Jekyll::LiquidRenderer::File#render!'
	from C:/Users/gjjg/.local/share/gem/ruby/3.4.0/gems/jekyll-4.4.1/lib/jekyll/liquid_rendere
r/file.rb:70:in 'Jekyll::LiquidRenderer::File#measure_time'
	from C:/Users/gjjg/.local/share/gem/ruby/3.4.0/gems/jekyll-4.4.1/lib/jekyll/liquid_rendere
r/file.rb:36:in 'Jekyll::LiquidRenderer::File#render!'
	from C:/Users/gjjg/.local/share/gem/ruby/3.4.0/gems/jekyll-4.4.1/lib/jekyll/renderer.rb:12
9:in 'Jekyll::Renderer#render_liquid'
	from C:/Users/gjjg/.local/share/gem/ruby/3.4.0/gems/jekyll-4.4.1/lib/jekyll/renderer.rb:80
:in 'Jekyll::Renderer#render_document'
	from C:/Users/gjjg/.local/share/gem/ruby/3.4.0/gems/jekyll-4.4.1/lib/jekyll/renderer.rb:63
:in 'Jekyll::Renderer#run'
	from C:/Users/gjjg/.local/share/gem/ruby/3.4.0/gems/jekyll-4.4.1/lib/jekyll/site.rb:572:in
 'Jekyll::Site#render_regenerated'
	from C:/Users/gjjg/.local/share/gem/ruby/3.4.0/gems/jekyll-4.4.1/lib/jekyll/site.rb:557:in
 'block (2 levels) in Jekyll::Site#render_docs'
	from C:/Users/gjjg/.local/share/gem/ruby/3.4.0/gems/jekyll-4.4.1/lib/jekyll/site.rb:556:in
 'Array#each'
	from C:/Users/gjjg/.local/share/gem/ruby/3.4.0/gems/jekyll-4.4.1/lib/jekyll/site.rb:556:in
 'block in Jekyll::Site#render_docs'
	from C:/Users/gjjg/.local/share/gem/ruby/3.4.0/gems/jekyll-4.4.1/lib/jekyll/site.rb:555:in
 'Hash#each_value'
	from C:/Users/gjjg/.local/share/gem/ruby/3.4.0/gems/jekyll-4.4.1/lib/jekyll/site.rb:555:in
 'Jekyll::Site#render_docs'
	from C:/Users/gjjg/.local/share/gem/ruby/3.4.0/gems/jekyll-4.4.1/lib/jekyll/site.rb:210:in
 'Jekyll::Site#render'
	from C:/Users/gjjg/.local/share/gem/ruby/3.4.0/gems/jekyll-4.4.1/lib/jekyll/site.rb:80:in 
'Jekyll::Site#process'
	from C:/Users/gjjg/.local/share/gem/ruby/3.4.0/gems/jekyll-4.4.1/lib/jekyll/command.rb:28:
in 'Jekyll::Command.process_site'
	from C:/Users/gjjg/.local/share/gem/ruby/3.4.0/gems/jekyll-4.4.1/lib/jekyll/commands/build
.rb:65:in 'Jekyll::Commands::Build.build'
	from C:/Users/gjjg/.local/share/gem/ruby/3.4.0/gems/jekyll-4.4.1/lib/jekyll/commands/build
.rb:36:in 'Jekyll::Commands::Build.process'
	from C:/Users/gjjg/.local/share/gem/ruby/3.4.0/gems/jekyll-4.4.1/lib/jekyll/command.rb:91:
in 'block in Jekyll::Command.process_with_graceful_fail'
	from C:/Users/gjjg/.local/share/gem/ruby/3.4.0/gems/jekyll-4.4.1/lib/jekyll/command.rb:91:
in 'Array#each'
	from C:/Users/gjjg/.local/share/gem/ruby/3.4.0/gems/jekyll-4.4.1/lib/jekyll/command.rb:91:
in 'Jekyll::Command.process_with_graceful_fail'
	from C:/Users/gjjg/.local/share/gem/ruby/3.4.0/gems/jekyll-4.4.1/lib/jekyll/commands/build
.rb:18:in 'block (2 levels) in Jekyll::Commands::Build.init_with_program'
	from C:/Users/gjjg/.local/share/gem/ruby/3.4.0/gems/mercenary-0.4.0/lib/mercenary/command.
rb:221:in 'block in Mercenary::Command#execute'
	from C:/Users/gjjg/.local/share/gem/ruby/3.4.0/gems/mercenary-0.4.0/lib/mercenary/command.
rb:221:in 'Array#each'
	from C:/Users/gjjg/.local/share/gem/ruby/3.4.0/gems/mercenary-0.4.0/lib/mercenary/command.
rb:221:in 'Mercenary::Command#execute'
	from C:/Users/gjjg/.local/share/gem/ruby/3.4.0/gems/mercenary-0.4.0/lib/mercenary/program.
rb:44:in 'Mercenary::Program#go'
	from C:/Users/gjjg/.local/share/gem/ruby/3.4.0/gems/mercenary-0.4.0/lib/mercenary.rb:21:in
 'Mercenary.program'
	from C:/Users/gjjg/.local/share/gem/ruby/3.4.0/gems/jekyll-4.4.1/exe/jekyll:15:in '<top (r
equired)>'
	from C:/Users/gjjg/AppData/Local/Microsoft/WindowsApps/jekyll:25:in 'Kernel#load'
	from C:/Users/gjjg/AppData/Local/Microsoft/WindowsApps/jekyll:25:in '<main>'
